[2025-07-28 17:22:51] ERROR: invalid literal for int() with base 10: '24964                          47296'
[2025-07-28 17:24:03] PSS=698169 PrivateOther=387680 Graphics=143648 JavaHeap=24328 NativeHeap=73280
[2025-07-28 17:34:04] PSS=735408 PrivateOther=386588 Graphics=143648 JavaHeap=58904 NativeHeap=74828
[2025-07-28 17:34:51] PSS=698199 PrivateOther=386764 Graphics=143648 JavaHeap=22900 NativeHeap=73604 | MemFree=106496kB MemAvailable=1201672kB SwapFree=1490428kB SwapTotal=2097148kB
[2025-07-28 17:44:51] PSS=703989 PrivateOther=390280 Graphics=143628 JavaHeap=24768 NativeHeap=73472 | MemFree=211236kB MemAvailable=1322000kB SwapFree=1473788kB SwapTotal=2097148kB
[2025-07-28 17:54:52] PSS=700422 PrivateOther=380564 Graphics=143580 JavaHeap=30784 NativeHeap=73388 | MemFree=186488kB MemAvailable=1333688kB SwapFree=1463548kB SwapTotal=2097148kB
[2025-07-28 18:04:52] PSS=709446 PrivateOther=388672 Graphics=143616 JavaHeap=35784 NativeHeap=73452 | MemFree=93124kB MemAvailable=1250592kB SwapFree=1529852kB SwapTotal=2097148kB
[2025-07-29 04:26:38] PSS=815954 PrivateOther=351784 Graphics=164808 JavaHeap=57340 NativeHeap=78876 | MemFree=117548kB MemAvailable=944984kB SwapFree=1262588kB SwapTotal=2097148kB
[2025-07-29 04:28:28] PSS=789789 PrivateOther=348676 Graphics=164808 JavaHeap=34400 NativeHeap=78912 | MemFree=105736kB MemAvailable=933604kB SwapFree=1262588kB SwapTotal=2097148kB
[2025-07-29 04:38:29] PSS=780243 PrivateOther=349408 Graphics=164852 JavaHeap=24120 NativeHeap=78816 | MemFree=182152kB MemAvailable=1019700kB SwapFree=1262844kB SwapTotal=2097148kB
[2025-07-29 04:48:30] PSS=788485 PrivateOther=340432 Graphics=164860 JavaHeap=40952 NativeHeap=79016 | MemFree=242556kB MemAvailable=1082456kB SwapFree=1259772kB SwapTotal=2097148kB
[2025-07-29 04:58:30] PSS=783468 PrivateOther=344708 Graphics=164860 JavaHeap=31728 NativeHeap=78916 | MemFree=303000kB MemAvailable=1166248kB SwapFree=1260540kB SwapTotal=2097148kB
[2025-07-29 05:08:31] PSS=772420 PrivateOther=342208 Graphics=164860 JavaHeap=22616 NativeHeap=78976 | MemFree=277848kB MemAvailable=1148832kB SwapFree=1225468kB SwapTotal=2097148kB
[2025-07-29 05:18:31] PSS=770828 PrivateOther=342016 Graphics=164860 JavaHeap=24200 NativeHeap=78932 | MemFree=126772kB MemAvailable=1109520kB SwapFree=1237500kB SwapTotal=2097148kB
[2025-07-29 05:28:32] PSS=786307 PrivateOther=344892 Graphics=164860 JavaHeap=37468 NativeHeap=78888 | MemFree=102476kB MemAvailable=1073208kB SwapFree=1230844kB SwapTotal=2097148kB
[2025-07-29 05:38:32] PSS=772540 PrivateOther=344380 Graphics=164860 JavaHeap=24004 NativeHeap=78836 | MemFree=122848kB MemAvailable=1092580kB SwapFree=1233148kB SwapTotal=2097148kB
[2025-07-29 05:48:33] PSS=789321 PrivateOther=344248 Graphics=164860 JavaHeap=40000 NativeHeap=78960 | MemFree=181748kB MemAvailable=1159372kB SwapFree=1196028kB SwapTotal=2097148kB
[2025-07-29 05:58:33] PSS=785237 PrivateOther=348424 Graphics=164860 JavaHeap=31620 NativeHeap=78952 | MemFree=163592kB MemAvailable=1146012kB SwapFree=1197308kB SwapTotal=2097148kB
[2025-07-29 06:08:34] PSS=792378 PrivateOther=354720 Graphics=165732 JavaHeap=32136 NativeHeap=78920 | MemFree=149316kB MemAvailable=1133664kB SwapFree=1209084kB SwapTotal=2097148kB
[2025-07-29 06:18:35] PSS=775478 PrivateOther=340120 Graphics=165732 JavaHeap=30136 NativeHeap=78888 | MemFree=182856kB MemAvailable=1164680kB SwapFree=1208316kB SwapTotal=2097148kB
[2025-07-29 06:28:35] PSS=771795 PrivateOther=342612 Graphics=165732 JavaHeap=24024 NativeHeap=78956 | MemFree=120544kB MemAvailable=1105220kB SwapFree=1210364kB SwapTotal=2097148kB
[2025-07-29 06:38:36] PSS=781498 PrivateOther=343772 Graphics=165732 JavaHeap=32440 NativeHeap=78932 | MemFree=145772kB MemAvailable=1129004kB SwapFree=1212924kB SwapTotal=2097148kB
[2025-07-29 06:48:36] PSS=787867 PrivateOther=342968 Graphics=165732 JavaHeap=39592 NativeHeap=79004 | MemFree=180320kB MemAvailable=1169416kB SwapFree=1206268kB SwapTotal=2097148kB
[2025-07-29 06:58:36] PSS=773644 PrivateOther=345892 Graphics=165732 JavaHeap=22328 NativeHeap=79044 | MemFree=141716kB MemAvailable=1135480kB SwapFree=1160444kB SwapTotal=2097148kB
[2025-07-29 07:08:37] PSS=781895 PrivateOther=346268 Graphics=165732 JavaHeap=31468 NativeHeap=79036 | MemFree=131328kB MemAvailable=1089156kB SwapFree=1176572kB SwapTotal=2097148kB
[2025-07-29 07:18:37] PSS=775072 PrivateOther=343872 Graphics=165732 JavaHeap=27888 NativeHeap=79088 | MemFree=114608kB MemAvailable=1057876kB SwapFree=1183740kB SwapTotal=2097148kB
[2025-07-29 07:28:38] PSS=772246 PrivateOther=346692 Graphics=165732 JavaHeap=21876 NativeHeap=79072 | MemFree=150328kB MemAvailable=1090304kB SwapFree=1196284kB SwapTotal=2097148kB
[2025-07-29 07:38:38] PSS=776494 PrivateOther=340708 Graphics=165732 JavaHeap=32916 NativeHeap=78888 | MemFree=173936kB MemAvailable=1115120kB SwapFree=1196284kB SwapTotal=2097148kB
[2025-07-29 07:48:39] PSS=785428 PrivateOther=345516 Graphics=165732 JavaHeap=36772 NativeHeap=79156 | MemFree=152348kB MemAvailable=1102060kB SwapFree=1193212kB SwapTotal=2097148kB
[2025-07-29 07:58:39] PSS=770024 PrivateOther=345992 Graphics=165732 JavaHeap=21064 NativeHeap=79096 | MemFree=126536kB MemAvailable=1077672kB SwapFree=1144316kB SwapTotal=2097148kB
[2025-07-29 08:08:40] PSS=784066 PrivateOther=341936 Graphics=165732 JavaHeap=39552 NativeHeap=79052 | MemFree=136372kB MemAvailable=1069032kB SwapFree=1162748kB SwapTotal=2097148kB
[2025-07-29 08:18:40] PSS=766263 PrivateOther=344216 Graphics=165732 JavaHeap=21888 NativeHeap=78896 | MemFree=143452kB MemAvailable=1056844kB SwapFree=1198076kB SwapTotal=2097148kB
[2025-07-29 08:28:41] PSS=758531 PrivateOther=334332 Graphics=165732 JavaHeap=24080 NativeHeap=78964 | MemFree=141288kB MemAvailable=1043180kB SwapFree=1106684kB SwapTotal=2097148kB
[2025-07-29 08:38:41] PSS=771221 PrivateOther=339180 Graphics=165732 JavaHeap=32044 NativeHeap=78912 | MemFree=119272kB MemAvailable=1049340kB SwapFree=1068284kB SwapTotal=2097148kB
[2025-07-29 08:48:42] PSS=788958 PrivateOther=342512 Graphics=165732 JavaHeap=47636 NativeHeap=78960 | MemFree=138992kB MemAvailable=974064kB SwapFree=1150972kB SwapTotal=2097148kB
[2025-07-29 08:56:35] PSS=797961 PrivateOther=336036 Graphics=165736 JavaHeap=62724 NativeHeap=78976 | MemFree=181116kB MemAvailable=1019148kB SwapFree=1121276kB SwapTotal=2097148kB | Uptime=46051s BootCompleted=1 MaxTemp=-1.0°C
[2025-07-29 09:01:28] PSS=784210 PrivateOther=338868 Graphics=165736 JavaHeap=46076 NativeHeap=78976 | MemFree=122304kB MemAvailable=958692kB SwapFree=1124092kB SwapTotal=2097148kB | Uptime=46345s BootCompleted=1 MaxTemp=-1.0°C
[2025-07-29 09:11:29] PSS=772082 PrivateOther=335600 Graphics=165736 JavaHeap=38024 NativeHeap=79092 | MemFree=150968kB MemAvailable=969092kB SwapFree=1148156kB SwapTotal=2097148kB | Uptime=46945s BootCompleted=1 MaxTemp=-1.0°C
[2025-07-29 09:21:29] PSS=761481 PrivateOther=338760 Graphics=165736 JavaHeap=23440 NativeHeap=78912 | MemFree=234052kB MemAvailable=1066888kB SwapFree=1147132kB SwapTotal=2097148kB | Uptime=47546s BootCompleted=1 MaxTemp=-1.0°C
[2025-07-29 09:31:30] PSS=764279 PrivateOther=341592 Graphics=165736 JavaHeap=23876 NativeHeap=78880 | MemFree=192172kB MemAvailable=1025160kB SwapFree=1148668kB SwapTotal=2097148kB | Uptime=48147s BootCompleted=1 MaxTemp=-1.0°C
[2025-07-29 09:41:31] PSS=765615 PrivateOther=339348 Graphics=165736 JavaHeap=27420 NativeHeap=78860 | MemFree=150792kB MemAvailable=987060kB SwapFree=1148924kB SwapTotal=2097148kB | Uptime=48747s BootCompleted=1 MaxTemp=-1.0°C
[2025-07-29 09:51:31] PSS=769814 PrivateOther=341636 Graphics=165740 JavaHeap=31396 NativeHeap=78952 | MemFree=116968kB MemAvailable=950184kB SwapFree=1083644kB SwapTotal=2097148kB | Uptime=49348s BootCompleted=1 MaxTemp=-1.0°C
[2025-07-29 10:01:32] PSS=756128 PrivateOther=340436 Graphics=165740 JavaHeap=19792 NativeHeap=78964 | MemFree=100328kB MemAvailable=906600kB SwapFree=1079548kB SwapTotal=2097148kB | Uptime=49948s BootCompleted=1 MaxTemp=-1.0°C
[2025-07-29 10:11:33] PSS=761443 PrivateOther=344356 Graphics=165740 JavaHeap=21860 NativeHeap=79020 | MemFree=140096kB MemAvailable=944660kB SwapFree=1089532kB SwapTotal=2097148kB | Uptime=50549s BootCompleted=1 MaxTemp=-1.0°C
[2025-07-29 10:21:33] PSS=795938 PrivateOther=338008 Graphics=165740 JavaHeap=62884 NativeHeap=78936 | MemFree=134064kB MemAvailable=926664kB SwapFree=1077756kB SwapTotal=2097148kB | Uptime=51150s BootCompleted=1 MaxTemp=-1.0°C
[2025-07-29 10:31:34] PSS=800391 PrivateOther=342324 Graphics=165740 JavaHeap=62932 NativeHeap=78900 | MemFree=161120kB MemAvailable=969904kB SwapFree=1072400kB SwapTotal=2097148kB | Uptime=51751s BootCompleted=1 MaxTemp=-1.0°C
[2025-07-29 10:41:35] PSS=756801 PrivateOther=340340 Graphics=165740 JavaHeap=21308 NativeHeap=78892 | MemFree=218004kB MemAvailable=1032976kB SwapFree=1075728kB SwapTotal=2097148kB | Uptime=52351s BootCompleted=1 MaxTemp=-1.0°C
[2025-07-29 10:51:36] PSS=771815 PrivateOther=343244 Graphics=165740 JavaHeap=33012 NativeHeap=79108 | MemFree=131440kB MemAvailable=958280kB SwapFree=1072340kB SwapTotal=2097148kB | Uptime=52952s BootCompleted=1 MaxTemp=-1.0°C
[2025-07-29 10:58:06] | MaxTemp=-1.0°C PSS=None PrivateOther=None Graphics=None JavaHeap=None NativeHeap=None | MemFree=NonekB MemAvailable=NonekB SwapFree=NonekB SwapTotal=NonekB | Uptime=-1s BootCompleted= MaxTemp=-1.0°C
[2025-07-29 11:00:19] | MaxTemp=-1.0°C PSS=None PrivateOther=None Graphics=None JavaHeap=None NativeHeap=None | MemFree=NonekB MemAvailable=NonekB SwapFree=NonekB SwapTotal=NonekB | Uptime=-1s BootCompleted=
[2025-07-30 18:43:52] | MaxTemp=67.4°C PSS=814838 PrivateOther=464724 Graphics=165176 JavaHeap=37024 NativeHeap=75864 | MemFree=89040kB MemAvailable=1127680kB SwapFree=1245128kB SwapTotal=2097148kB | Uptime=51938s BootCompleted=1
[2025-07-30 18:53:53] | MaxTemp=67.7°C PSS=801785 PrivateOther=393796 Graphics=165184 JavaHeap=26680 NativeHeap=75772 | MemFree=205868kB MemAvailable=1223760kB SwapFree=1248900kB SwapTotal=2097148kB | Uptime=52538s BootCompleted=1
[2025-07-30 19:03:54] | MaxTemp=62.2°C PSS=801260 PrivateOther=469112 Graphics=165184 JavaHeap=29884 NativeHeap=75936 | MemFree=127420kB MemAvailable=1151296kB SwapFree=1233864kB SwapTotal=2097148kB | Uptime=53139s BootCompleted=1
[2025-07-30 19:13:54] | MaxTemp=67.4°C PSS=824148 PrivateOther=472216 Graphics=165184 JavaHeap=48140 NativeHeap=75912 | MemFree=197968kB MemAvailable=1220532kB SwapFree=1208816kB SwapTotal=2097148kB | Uptime=53740s BootCompleted=1
[2025-07-30 19:23:55] | MaxTemp=66.4°C PSS=841039 PrivateOther=388004 Graphics=167284 JavaHeap=51564 NativeHeap=75956 | MemFree=157828kB MemAvailable=1200908kB SwapFree=1225960kB SwapTotal=2097148kB | Uptime=54341s BootCompleted=1
[2025-07-30 19:33:56] | MaxTemp=67.7°C PSS=820746 PrivateOther=390308 Graphics=167284 JavaHeap=29040 NativeHeap=75892 | MemFree=168216kB MemAvailable=1214544kB SwapFree=1167604kB SwapTotal=2097148kB | Uptime=54941s BootCompleted=1
[2025-07-30 19:43:57] | MaxTemp=67.7°C PSS=822781 PrivateOther=384164 Graphics=167284 JavaHeap=37264 NativeHeap=75880 | MemFree=169308kB MemAvailable=1147992kB SwapFree=1164280kB SwapTotal=2097148kB | Uptime=55542s BootCompleted=1
[2025-07-30 19:53:57] | MaxTemp=63.5°C PSS=821977 PrivateOther=390336 Graphics=167284 JavaHeap=30104 NativeHeap=75916 | MemFree=147352kB MemAvailable=1078080kB SwapFree=1165816kB SwapTotal=2097148kB | Uptime=56142s BootCompleted=1
[2025-07-30 20:03:58] | MaxTemp=67.7°C PSS=825465 PrivateOther=391696 Graphics=167284 JavaHeap=29844 NativeHeap=78296 | MemFree=177128kB MemAvailable=1109844kB SwapFree=1165588kB SwapTotal=2097148kB | Uptime=56743s BootCompleted=1
[2025-07-30 20:13:58] | MaxTemp=68.0°C PSS=834020 PrivateOther=387204 Graphics=167284 JavaHeap=45732 NativeHeap=75964 | MemFree=147628kB MemAvailable=1080540kB SwapFree=1119796kB SwapTotal=2097148kB | Uptime=57344s BootCompleted=1
[2025-07-30 20:23:59] | MaxTemp=68.0°C PSS=837507 PrivateOther=393036 Graphics=167284 JavaHeap=49588 NativeHeap=76104 | MemFree=141124kB MemAvailable=1046816kB SwapFree=1136288kB SwapTotal=2097148kB | Uptime=57944s BootCompleted=1
[2025-07-30 20:34:00] | MaxTemp=67.0°C PSS=814007 PrivateOther=392768 Graphics=167284 JavaHeap=26584 NativeHeap=75872 | MemFree=181944kB MemAvailable=1041740kB SwapFree=1138028kB SwapTotal=2097148kB | Uptime=58545s BootCompleted=1
[2025-07-30 20:44:00] | MaxTemp=61.9°C PSS=821977 PrivateOther=388536 Graphics=167284 JavaHeap=38296 NativeHeap=76228 | MemFree=170972kB MemAvailable=1049864kB SwapFree=1094736kB SwapTotal=2097148kB | Uptime=59146s BootCompleted=1
[2025-07-30 20:54:01] | MaxTemp=62.5°C PSS=817316 PrivateOther=394980 Graphics=167284 JavaHeap=27300 NativeHeap=76100 | MemFree=145660kB MemAvailable=1004228kB SwapFree=1100764kB SwapTotal=2097148kB | Uptime=59746s BootCompleted=1
[2025-07-30 21:04:02] | MaxTemp=62.5°C PSS=808117 PrivateOther=382636 Graphics=167284 JavaHeap=37120 NativeHeap=75940 | MemFree=153148kB MemAvailable=1001300kB SwapFree=1096588kB SwapTotal=2097148kB | Uptime=60347s BootCompleted=1
[2025-07-30 21:14:02] | MaxTemp=62.8°C PSS=815754 PrivateOther=389796 Graphics=167284 JavaHeap=37348 NativeHeap=75948 | MemFree=106916kB MemAvailable=955896kB SwapFree=1062636kB SwapTotal=2097148kB | Uptime=60948s BootCompleted=1
[2025-07-30 21:24:03] | MaxTemp=62.2°C PSS=831066 PrivateOther=394324 Graphics=167284 JavaHeap=49044 NativeHeap=76000 | MemFree=134464kB MemAvailable=936452kB SwapFree=1070188kB SwapTotal=2097148kB | Uptime=61548s BootCompleted=1
[2025-07-30 21:34:04] | MaxTemp=62.8°C PSS=801860 PrivateOther=384044 Graphics=167284 JavaHeap=29648 NativeHeap=75892 | MemFree=226884kB MemAvailable=1037912kB SwapFree=1049336kB SwapTotal=2097148kB | Uptime=62149s BootCompleted=1
[2025-07-30 21:44:04] | MaxTemp=62.2°C PSS=818617 PrivateOther=392624 Graphics=167284 JavaHeap=37820 NativeHeap=75808 | MemFree=188648kB MemAvailable=996892kB SwapFree=1048588kB SwapTotal=2097148kB | Uptime=62750s BootCompleted=1
[2025-07-30 21:54:05] | MaxTemp=62.5°C PSS=800013 PrivateOther=384084 Graphics=167284 JavaHeap=27628 NativeHeap=75900 | MemFree=172504kB MemAvailable=980684kB SwapFree=1045868kB SwapTotal=2097148kB | Uptime=63351s BootCompleted=1
[2025-07-30 22:04:06] | MaxTemp=65.1°C PSS=809688 PrivateOther=386124 Graphics=167284 JavaHeap=35296 NativeHeap=75896 | MemFree=129228kB MemAvailable=938828kB SwapFree=1020120kB SwapTotal=2097148kB | Uptime=63951s BootCompleted=1
[2025-07-30 22:14:07] | MaxTemp=62.5°C PSS=815390 PrivateOther=389928 Graphics=167284 JavaHeap=37052 NativeHeap=75928 | MemFree=171200kB MemAvailable=981088kB SwapFree=1026360kB SwapTotal=2097148kB | Uptime=64552s BootCompleted=1
[2025-07-30 22:24:07] | MaxTemp=62.2°C PSS=820664 PrivateOther=387452 Graphics=167284 JavaHeap=44516 NativeHeap=76068 | MemFree=160492kB MemAvailable=973872kB SwapFree=1046328kB SwapTotal=2097148kB | Uptime=65153s BootCompleted=1
[2025-07-30 22:34:08] | MaxTemp=66.7°C PSS=809067 PrivateOther=391468 Graphics=167284 JavaHeap=29064 NativeHeap=75924 | MemFree=135704kB MemAvailable=952868kB SwapFree=1045932kB SwapTotal=2097148kB | Uptime=65753s BootCompleted=1
[2025-07-30 22:44:08] | MaxTemp=61.9°C PSS=797665 PrivateOther=383156 Graphics=167284 JavaHeap=39644 NativeHeap=75924 | MemFree=135192kB MemAvailable=808384kB SwapFree=1098372kB SwapTotal=2097148kB | Uptime=66354s BootCompleted=1
[2025-07-30 22:54:09] | MaxTemp=62.5°C PSS=800966 PrivateOther=389684 Graphics=167284 JavaHeap=36768 NativeHeap=75916 | MemFree=89236kB MemAvailable=732804kB SwapFree=1085244kB SwapTotal=2097148kB | Uptime=66955s BootCompleted=1
[2025-07-30 23:04:10] | MaxTemp=62.8°C PSS=792814 PrivateOther=391708 Graphics=167284 JavaHeap=30108 NativeHeap=75908 | MemFree=119876kB MemAvailable=798104kB SwapFree=1153600kB SwapTotal=2097148kB | Uptime=67555s BootCompleted=1
[2025-07-30 23:14:11] | MaxTemp=62.2°C PSS=796571 PrivateOther=386468 Graphics=167284 JavaHeap=37700 NativeHeap=75872 | MemFree=381416kB MemAvailable=1074544kB SwapFree=1163648kB SwapTotal=2097148kB | Uptime=68156s BootCompleted=1
[2025-07-30 23:24:11] | MaxTemp=62.2°C PSS=844938 PrivateOther=394836 Graphics=167284 JavaHeap=53212 NativeHeap=76140 | MemFree=120492kB MemAvailable=994344kB SwapFree=1172864kB SwapTotal=2097148kB | Uptime=68757s BootCompleted=1
[2025-07-30 23:34:12] | MaxTemp=62.2°C PSS=808713 PrivateOther=383824 Graphics=167284 JavaHeap=28216 NativeHeap=76004 | MemFree=143360kB MemAvailable=1016708kB SwapFree=1168112kB SwapTotal=2097148kB | Uptime=69358s BootCompleted=1
[2025-07-30 23:44:13] | MaxTemp=63.2°C PSS=826131 PrivateOther=391456 Graphics=167284 JavaHeap=37728 NativeHeap=75960 | MemFree=111660kB MemAvailable=978072kB SwapFree=1170928kB SwapTotal=2097148kB | Uptime=69958s BootCompleted=1
[2025-07-30 23:54:14] | MaxTemp=61.9°C PSS=817787 PrivateOther=383456 Graphics=167284 JavaHeap=36576 NativeHeap=76072 | MemFree=241748kB MemAvailable=1114096kB SwapFree=1186032kB SwapTotal=2097148kB | Uptime=70559s BootCompleted=1
[2025-07-31 00:04:15] | MaxTemp=61.6°C PSS=813093 PrivateOther=387008 Graphics=167284 JavaHeap=29912 NativeHeap=76068 | MemFree=160824kB MemAvailable=1071772kB SwapFree=1186800kB SwapTotal=2097148kB | Uptime=71160s BootCompleted=1
[2025-07-31 00:14:15] | MaxTemp=61.9°C PSS=823945 PrivateOther=464708 Graphics=167284 JavaHeap=37776 NativeHeap=75956 | MemFree=156092kB MemAvailable=1076540kB SwapFree=1183760kB SwapTotal=2097148kB | Uptime=71761s BootCompleted=1
[2025-07-31 00:24:16] | MaxTemp=63.5°C PSS=834244 PrivateOther=463172 Graphics=167284 JavaHeap=49208 NativeHeap=76132 | MemFree=181592kB MemAvailable=1108772kB SwapFree=1186832kB SwapTotal=2097148kB | Uptime=72362s BootCompleted=1
[2025-07-31 00:34:17] | MaxTemp=62.2°C PSS=819394 PrivateOther=392540 Graphics=167284 JavaHeap=27220 NativeHeap=76084 | MemFree=113112kB MemAvailable=1085064kB SwapFree=1197164kB SwapTotal=2097148kB | Uptime=72963s BootCompleted=1
[2025-07-31 00:44:18] | MaxTemp=62.5°C PSS=820877 PrivateOther=384688 Graphics=167284 JavaHeap=36600 NativeHeap=75996 | MemFree=132508kB MemAvailable=1114528kB SwapFree=1197932kB SwapTotal=2097148kB | Uptime=73564s BootCompleted=1
[2025-07-31 00:54:19] | MaxTemp=66.4°C PSS=866951 PrivateOther=477332 Graphics=167388 JavaHeap=58956 NativeHeap=80704 | MemFree=199868kB MemAvailable=1099088kB SwapFree=1208908kB SwapTotal=2097148kB | Uptime=74164s BootCompleted=1
[2025-07-31 01:04:20] | MaxTemp=62.2°C PSS=874857 PrivateOther=406588 Graphics=168324 JavaHeap=61692 NativeHeap=80884 | MemFree=123240kB MemAvailable=964492kB SwapFree=1212688kB SwapTotal=2097148kB | Uptime=74765s BootCompleted=1
[2025-07-31 01:14:20] | MaxTemp=62.2°C PSS=865570 PrivateOther=391992 Graphics=168324 JavaHeap=66404 NativeHeap=80860 | MemFree=188436kB MemAvailable=1026824kB SwapFree=1171648kB SwapTotal=2097148kB | Uptime=75366s BootCompleted=1
[2025-07-31 01:24:21] | MaxTemp=62.2°C PSS=833188 PrivateOther=396716 Graphics=168324 JavaHeap=34104 NativeHeap=81104 | MemFree=92480kB MemAvailable=963388kB SwapFree=1173248kB SwapTotal=2097148kB | Uptime=75966s BootCompleted=1
[2025-07-31 01:34:22] | MaxTemp=61.6°C PSS=820833 PrivateOther=391880 Graphics=168816 JavaHeap=32100 NativeHeap=81108 | MemFree=231168kB MemAvailable=1112052kB SwapFree=1179716kB SwapTotal=2097148kB | Uptime=76567s BootCompleted=1
[2025-07-31 01:44:23] | MaxTemp=63.5°C PSS=857455 PrivateOther=394676 Graphics=168816 JavaHeap=65540 NativeHeap=81092 | MemFree=281004kB MemAvailable=1161552kB SwapFree=1179564kB SwapTotal=2097148kB | Uptime=77168s BootCompleted=1
[2025-07-31 01:54:23] | MaxTemp=61.6°C PSS=859817 PrivateOther=469372 Graphics=168820 JavaHeap=67696 NativeHeap=81176 | MemFree=189824kB MemAvailable=1070048kB SwapFree=1179400kB SwapTotal=2097148kB | Uptime=77769s BootCompleted=1
[2025-07-31 02:04:24] | MaxTemp=62.2°C PSS=809898 PrivateOther=389088 Graphics=168820 JavaHeap=23988 NativeHeap=81040 | MemFree=219564kB MemAvailable=1112456kB SwapFree=1179592kB SwapTotal=2097148kB | Uptime=78369s BootCompleted=1
[2025-07-31 02:14:25] | MaxTemp=61.9°C PSS=808737 PrivateOther=392668 Graphics=168820 JavaHeap=18724 NativeHeap=81136 | MemFree=230592kB MemAvailable=1122680kB SwapFree=1179844kB SwapTotal=2097148kB | Uptime=78970s BootCompleted=1
[2025-07-31 02:24:25] | MaxTemp=63.2°C PSS=846537 PrivateOther=460584 Graphics=168820 JavaHeap=52220 NativeHeap=91484 | MemFree=227760kB MemAvailable=1131264kB SwapFree=1183684kB SwapTotal=2097148kB | Uptime=79571s BootCompleted=1
[2025-07-31 02:34:26] | MaxTemp=61.9°C PSS=818340 PrivateOther=390404 Graphics=168820 JavaHeap=30188 NativeHeap=81424 | MemFree=95364kB MemAvailable=1007124kB SwapFree=1179232kB SwapTotal=2097148kB | Uptime=80171s BootCompleted=1
[2025-07-31 02:44:27] | MaxTemp=61.9°C PSS=857857 PrivateOther=391576 Graphics=168820 JavaHeap=68420 NativeHeap=81468 | MemFree=145768kB MemAvailable=1046904kB SwapFree=1179232kB SwapTotal=2097148kB | Uptime=80772s BootCompleted=1
[2025-07-31 02:54:27] | MaxTemp=61.6°C PSS=852523 PrivateOther=387108 Graphics=168820 JavaHeap=68788 NativeHeap=81496 | MemFree=155812kB MemAvailable=1042464kB SwapFree=1179232kB SwapTotal=2097148kB | Uptime=81373s BootCompleted=1
[2025-07-31 03:04:28] | MaxTemp=61.9°C PSS=809767 PrivateOther=387196 Graphics=168820 JavaHeap=26036 NativeHeap=81484 | MemFree=183056kB MemAvailable=1042632kB SwapFree=1183484kB SwapTotal=2097148kB | Uptime=81973s BootCompleted=1
[2025-07-31 03:14:29] | MaxTemp=62.5°C PSS=852939 PrivateOther=388364 Graphics=168820 JavaHeap=68084 NativeHeap=81456 | MemFree=246200kB MemAvailable=1110724kB SwapFree=1141632kB SwapTotal=2097148kB | Uptime=82574s BootCompleted=1
[2025-07-31 03:24:29] | MaxTemp=62.5°C PSS=840768 PrivateOther=393936 Graphics=168820 JavaHeap=49704 NativeHeap=82092 | MemFree=108472kB MemAvailable=999144kB SwapFree=1132508kB SwapTotal=2097148kB | Uptime=83175s BootCompleted=1
[2025-07-31 03:34:30] | MaxTemp=62.2°C PSS=807166 PrivateOther=462364 Graphics=168820 JavaHeap=23180 NativeHeap=81496 | MemFree=127260kB MemAvailable=1010456kB SwapFree=1126604kB SwapTotal=2097148kB | Uptime=83775s BootCompleted=1
[2025-07-31 03:44:31] | MaxTemp=62.5°C PSS=854246 PrivateOther=390860 Graphics=168820 JavaHeap=66836 NativeHeap=81540 | MemFree=121812kB MemAvailable=990048kB SwapFree=1126764kB SwapTotal=2097148kB | Uptime=84376s BootCompleted=1
[2025-07-31 03:54:32] | MaxTemp=62.5°C PSS=810022 PrivateOther=394240 Graphics=168820 JavaHeap=19044 NativeHeap=81572 | MemFree=142128kB MemAvailable=1008784kB SwapFree=1126508kB SwapTotal=2097148kB | Uptime=84977s BootCompleted=1
[2025-07-31 04:04:32] | MaxTemp=62.5°C PSS=811381 PrivateOther=464348 Graphics=168820 JavaHeap=24840 NativeHeap=81528 | MemFree=206364kB MemAvailable=1100500kB SwapFree=1126764kB SwapTotal=2097148kB | Uptime=85578s BootCompleted=1
[2025-07-31 04:14:33] | MaxTemp=63.5°C PSS=856235 PrivateOther=393512 Graphics=168820 JavaHeap=66152 NativeHeap=81440 | MemFree=160548kB MemAvailable=1019252kB SwapFree=1128208kB SwapTotal=2097148kB | Uptime=86179s BootCompleted=1
[2025-07-31 04:24:34] | MaxTemp=62.8°C PSS=844898 PrivateOther=388844 Graphics=168820 JavaHeap=48728 NativeHeap=93244 | MemFree=119520kB MemAvailable=920948kB SwapFree=1131280kB SwapTotal=2097148kB | Uptime=86779s BootCompleted=1
[2025-07-31 04:34:35] | MaxTemp=63.5°C PSS=814147 PrivateOther=468140 Graphics=168820 JavaHeap=25220 NativeHeap=81524 | MemFree=159368kB MemAvailable=934740kB SwapFree=1127952kB SwapTotal=2097148kB | Uptime=87380s BootCompleted=1
[2025-07-31 04:44:36] | MaxTemp=62.5°C PSS=848183 PrivateOther=460120 Graphics=168820 JavaHeap=66976 NativeHeap=81596 | MemFree=138276kB MemAvailable=913812kB SwapFree=1127952kB SwapTotal=2097148kB | Uptime=87981s BootCompleted=1
[2025-07-31 04:54:37] | MaxTemp=63.5°C PSS=853077 PrivateOther=464732 Graphics=168820 JavaHeap=67288 NativeHeap=81784 | MemFree=191364kB MemAvailable=977896kB SwapFree=1080332kB SwapTotal=2097148kB | Uptime=88582s BootCompleted=1
[2025-07-31 05:04:38] | MaxTemp=62.2°C PSS=808148 PrivateOther=387248 Graphics=168820 JavaHeap=25108 NativeHeap=81656 | MemFree=128252kB MemAvailable=961468kB SwapFree=1081144kB SwapTotal=2097148kB | Uptime=89183s BootCompleted=1
[2025-07-31 05:14:38] | MaxTemp=62.2°C PSS=808790 PrivateOther=464484 Graphics=168820 JavaHeap=23184 NativeHeap=81584 | MemFree=176652kB MemAvailable=988012kB SwapFree=1081400kB SwapTotal=2097148kB | Uptime=89784s BootCompleted=1
[2025-07-31 05:24:39] | MaxTemp=61.9°C PSS=853098 PrivateOther=467600 Graphics=168820 JavaHeap=53432 NativeHeap=92876 | MemFree=134800kB MemAvailable=892932kB SwapFree=1051948kB SwapTotal=2097148kB | Uptime=90384s BootCompleted=1
[2025-07-31 05:34:40] | MaxTemp=61.9°C PSS=805622 PrivateOther=389052 Graphics=168820 JavaHeap=23040 NativeHeap=80196 | MemFree=135404kB MemAvailable=850056kB SwapFree=1056324kB SwapTotal=2097148kB | Uptime=90985s BootCompleted=1
[2025-07-31 05:44:40] | MaxTemp=62.2°C PSS=853670 PrivateOther=392680 Graphics=168820 JavaHeap=67212 NativeHeap=80080 | MemFree=225840kB MemAvailable=940492kB SwapFree=1058096kB SwapTotal=2097148kB | Uptime=91586s BootCompleted=1
[2025-07-31 05:54:41] | MaxTemp=61.6°C PSS=846734 PrivateOther=460832 Graphics=168820 JavaHeap=67048 NativeHeap=80172 | MemFree=217860kB MemAvailable=933592kB SwapFree=1060136kB SwapTotal=2097148kB | Uptime=92187s BootCompleted=1
[2025-07-31 06:04:42] | MaxTemp=62.8°C PSS=807782 PrivateOther=464892 Graphics=168820 JavaHeap=23860 NativeHeap=80056 | MemFree=226440kB MemAvailable=941456kB SwapFree=1061928kB SwapTotal=2097148kB | Uptime=92787s BootCompleted=1
[2025-07-31 06:14:43] | MaxTemp=61.9°C PSS=798212 PrivateOther=384060 Graphics=168820 JavaHeap=20724 NativeHeap=79936 | MemFree=197516kB MemAvailable=911868kB SwapFree=1063976kB SwapTotal=2097148kB | Uptime=93388s BootCompleted=1
[2025-07-31 06:24:44] | MaxTemp=61.6°C PSS=834123 PrivateOther=462680 Graphics=168820 JavaHeap=46424 NativeHeap=86384 | MemFree=176648kB MemAvailable=913360kB SwapFree=1067816kB SwapTotal=2097148kB | Uptime=93989s BootCompleted=1
[2025-07-31 06:34:44] | MaxTemp=61.6°C PSS=815238 PrivateOther=388896 Graphics=168820 JavaHeap=32452 NativeHeap=80204 | MemFree=162196kB MemAvailable=904952kB SwapFree=1062828kB SwapTotal=2097148kB | Uptime=94590s BootCompleted=1
[2025-07-31 06:44:45] | MaxTemp=67.0°C PSS=852708 PrivateOther=391796 Graphics=168820 JavaHeap=67552 NativeHeap=80148 | MemFree=153428kB MemAvailable=882160kB SwapFree=1083240kB SwapTotal=2097148kB | Uptime=95190s BootCompleted=1
[2025-07-31 06:54:46] | MaxTemp=62.8°C PSS=855530 PrivateOther=468348 Graphics=168820 JavaHeap=68096 NativeHeap=80092 | MemFree=140640kB MemAvailable=874504kB SwapFree=1085032kB SwapTotal=2097148kB | Uptime=95791s BootCompleted=1
[2025-07-31 07:04:47] | MaxTemp=61.9°C PSS=800339 PrivateOther=457444 Graphics=168820 JavaHeap=22256 NativeHeap=77284 | MemFree=154952kB MemAvailable=880512kB SwapFree=1076448kB SwapTotal=2097148kB | Uptime=96392s BootCompleted=1
[2025-07-31 07:14:47] | MaxTemp=61.6°C PSS=806968 PrivateOther=385704 Graphics=168820 JavaHeap=26128 NativeHeap=76952 | MemFree=201204kB MemAvailable=933148kB SwapFree=1076412kB SwapTotal=2097148kB | Uptime=96993s BootCompleted=1
[2025-07-31 07:24:48] | MaxTemp=64.1°C PSS=840122 PrivateOther=463408 Graphics=168820 JavaHeap=49740 NativeHeap=83572 | MemFree=107660kB MemAvailable=847708kB SwapFree=1077816kB SwapTotal=2097148kB | Uptime=97593s BootCompleted=1
[2025-07-31 07:34:49] | MaxTemp=67.0°C PSS=844966 PrivateOther=457516 Graphics=168820 JavaHeap=67200 NativeHeap=76528 | MemFree=125232kB MemAvailable=865780kB SwapFree=1051360kB SwapTotal=2097148kB | Uptime=98194s BootCompleted=1
[2025-07-31 07:44:50] | MaxTemp=62.2°C PSS=807253 PrivateOther=387716 Graphics=168820 JavaHeap=24016 NativeHeap=75872 | MemFree=122744kB MemAvailable=856172kB SwapFree=1050428kB SwapTotal=2097148kB | Uptime=98795s BootCompleted=1
[2025-07-31 07:54:50] | MaxTemp=61.6°C PSS=846628 PrivateOther=457476 Graphics=168820 JavaHeap=68132 NativeHeap=75908 | MemFree=165360kB MemAvailable=899832kB SwapFree=1021048kB SwapTotal=2097148kB | Uptime=99395s BootCompleted=1
[2025-07-31 08:04:51] | MaxTemp=61.9°C PSS=803236 PrivateOther=459000 Graphics=168820 JavaHeap=23112 NativeHeap=75900 | MemFree=151168kB MemAvailable=887320kB SwapFree=1023096kB SwapTotal=2097148kB | Uptime=99996s BootCompleted=1
[2025-07-31 08:14:52] | MaxTemp=62.5°C PSS=806182 PrivateOther=382420 Graphics=168820 JavaHeap=26024 NativeHeap=72772 | MemFree=238936kB MemAvailable=948364kB SwapFree=1054692kB SwapTotal=2097148kB | Uptime=100597s BootCompleted=1
[2025-07-31 08:24:52] | MaxTemp=62.8°C PSS=848869 PrivateOther=386940 Graphics=168820 JavaHeap=55376 NativeHeap=81168 | MemFree=166464kB MemAvailable=878836kB SwapFree=1058020kB SwapTotal=2097148kB | Uptime=101198s BootCompleted=1
[2025-07-31 08:34:53] | MaxTemp=63.8°C PSS=851965 PrivateOther=463392 Graphics=168820 JavaHeap=65392 NativeHeap=72748 | MemFree=185912kB MemAvailable=885872kB SwapFree=1057796kB SwapTotal=2097148kB | Uptime=101799s BootCompleted=1
[2025-07-31 08:44:54] | MaxTemp=64.5°C PSS=804837 PrivateOther=458652 Graphics=168820 JavaHeap=23040 NativeHeap=72636 | MemFree=143068kB MemAvailable=843424kB SwapFree=1058528kB SwapTotal=2097148kB | Uptime=102399s BootCompleted=1
[2025-07-31 08:54:55] | MaxTemp=63.8°C PSS=807340 PrivateOther=463264 Graphics=168820 JavaHeap=21204 NativeHeap=72720 | MemFree=179984kB MemAvailable=878820kB SwapFree=1058784kB SwapTotal=2097148kB | Uptime=103000s BootCompleted=1
[2025-07-31 09:04:56] | MaxTemp=64.1°C PSS=801638 PrivateOther=456836 Graphics=168820 JavaHeap=21612 NativeHeap=72768 | MemFree=334056kB MemAvailable=1033588kB SwapFree=1084128kB SwapTotal=2097148kB | Uptime=103601s BootCompleted=1
[2025-07-31 09:14:56] | MaxTemp=64.8°C PSS=808269 PrivateOther=386692 Graphics=168820 JavaHeap=23652 NativeHeap=72736 | MemFree=318164kB MemAvailable=1015964kB SwapFree=1084384kB SwapTotal=2097148kB | Uptime=104202s BootCompleted=1
[2025-07-31 09:24:57] | MaxTemp=64.8°C PSS=835666 PrivateOther=381856 Graphics=168820 JavaHeap=48100 NativeHeap=80516 | MemFree=321712kB MemAvailable=1022960kB SwapFree=1088992kB SwapTotal=2097148kB | Uptime=104803s BootCompleted=1
[2025-07-31 09:34:58] | MaxTemp=66.7°C PSS=849747 PrivateOther=383424 Graphics=168820 JavaHeap=66532 NativeHeap=72844 | MemFree=175816kB MemAvailable=939352kB SwapFree=1064884kB SwapTotal=2097148kB | Uptime=105403s BootCompleted=1
[2025-07-31 09:44:59] | MaxTemp=65.1°C PSS=810086 PrivateOther=386868 Graphics=168820 JavaHeap=23056 NativeHeap=72780 | MemFree=257424kB MemAvailable=1033780kB SwapFree=1048712kB SwapTotal=2097148kB | Uptime=106004s BootCompleted=1
[2025-07-31 09:55:00] | MaxTemp=65.4°C PSS=805676 PrivateOther=457092 Graphics=168820 JavaHeap=23776 NativeHeap=72788 | MemFree=290092kB MemAvailable=1073736kB SwapFree=1048192kB SwapTotal=2097148kB | Uptime=106605s BootCompleted=1
[2025-07-31 10:05:01] | MaxTemp=64.8°C PSS=848574 PrivateOther=384460 Graphics=168820 JavaHeap=66636 NativeHeap=71284 | MemFree=238964kB MemAvailable=1083996kB SwapFree=1058660kB SwapTotal=2097148kB | Uptime=107206s BootCompleted=1
[2025-07-31 10:15:02] | MaxTemp=63.8°C PSS=803817 PrivateOther=456288 Graphics=168820 JavaHeap=25060 NativeHeap=71200 | MemFree=171484kB MemAvailable=1043032kB SwapFree=1050288kB SwapTotal=2097148kB | Uptime=107807s BootCompleted=1
[2025-07-31 10:25:02] | MaxTemp=65.4°C PSS=825000 PrivateOther=382848 Graphics=168820 JavaHeap=43140 NativeHeap=71228 | MemFree=151068kB MemAvailable=976500kB SwapFree=1054356kB SwapTotal=2097148kB | Uptime=108408s BootCompleted=1
[2025-07-31 10:35:03] | MaxTemp=64.8°C PSS=851525 PrivateOther=384324 Graphics=168820 JavaHeap=66888 NativeHeap=71092 | MemFree=236288kB MemAvailable=1059908kB SwapFree=1049892kB SwapTotal=2097148kB | Uptime=109008s BootCompleted=1
[2025-07-31 10:45:04] | MaxTemp=64.1°C PSS=809586 PrivateOther=380340 Graphics=168820 JavaHeap=28268 NativeHeap=71128 | MemFree=176212kB MemAvailable=997032kB SwapFree=1053192kB SwapTotal=2097148kB | Uptime=109609s BootCompleted=1
[2025-07-31 10:55:05] | MaxTemp=65.4°C PSS=858925 PrivateOther=393752 Graphics=169412 JavaHeap=62704 NativeHeap=71504 | MemFree=120080kB MemAvailable=940256kB SwapFree=1026112kB SwapTotal=2097148kB | Uptime=110210s BootCompleted=1
[2025-07-31 11:05:06] | MaxTemp=66.1°C PSS=867832 PrivateOther=392304 Graphics=169412 JavaHeap=68704 NativeHeap=71436 | MemFree=178232kB MemAvailable=991292kB SwapFree=1046476kB SwapTotal=2097148kB | Uptime=110811s BootCompleted=1
[2025-07-31 11:15:06] | MaxTemp=66.1°C PSS=870972 PrivateOther=394540 Graphics=169412 JavaHeap=69296 NativeHeap=71180 | MemFree=118660kB MemAvailable=946728kB SwapFree=1072708kB SwapTotal=2097148kB | Uptime=111411s BootCompleted=1
[2025-07-31 11:25:07] | MaxTemp=64.8°C PSS=859241 PrivateOther=394532 Graphics=169412 JavaHeap=48168 NativeHeap=77768 | MemFree=156188kB MemAvailable=944124kB SwapFree=1100032kB SwapTotal=2097148kB | Uptime=112012s BootCompleted=1
[2025-07-31 11:35:08] | MaxTemp=65.8°C PSS=812759 PrivateOther=377524 Graphics=169412 JavaHeap=24900 NativeHeap=71088 | MemFree=219264kB MemAvailable=1011036kB SwapFree=1098428kB SwapTotal=2097148kB | Uptime=112613s BootCompleted=1
[2025-07-31 11:45:09] | MaxTemp=65.1°C PSS=863571 PrivateOther=379208 Graphics=169412 JavaHeap=73960 NativeHeap=71120 | MemFree=185256kB MemAvailable=978248kB SwapFree=1086740kB SwapTotal=2097148kB | Uptime=113214s BootCompleted=1
[2025-07-31 11:55:10] | MaxTemp=66.1°C PSS=850938 PrivateOther=373348 Graphics=169412 JavaHeap=66880 NativeHeap=69372 | MemFree=193692kB MemAvailable=967560kB SwapFree=1050400kB SwapTotal=2097148kB | Uptime=113815s BootCompleted=1
[2025-07-31 12:05:10] | MaxTemp=65.1°C PSS=814091 PrivateOther=380044 Graphics=169412 JavaHeap=23372 NativeHeap=69272 | MemFree=200404kB MemAvailable=976016kB SwapFree=1050912kB SwapTotal=2097148kB | Uptime=114416s BootCompleted=1
[2025-07-31 12:15:11] | MaxTemp=65.1°C PSS=847784 PrivateOther=370016 Graphics=169412 JavaHeap=67004 NativeHeap=69192 | MemFree=181988kB MemAvailable=957828kB SwapFree=1051800kB SwapTotal=2097148kB | Uptime=115016s BootCompleted=1
[2025-07-31 12:25:12] | MaxTemp=64.8°C PSS=842971 PrivateOther=448968 Graphics=169412 JavaHeap=48664 NativeHeap=77252 | MemFree=126064kB MemAvailable=909460kB SwapFree=1053924kB SwapTotal=2097148kB | Uptime=115617s BootCompleted=1
[2025-07-31 12:35:13] | MaxTemp=64.5°C PSS=812114 PrivateOther=374016 Graphics=169412 JavaHeap=27096 NativeHeap=68860 | MemFree=220040kB MemAvailable=1007076kB SwapFree=1043140kB SwapTotal=2097148kB | Uptime=116218s BootCompleted=1
[2025-07-31 12:45:13] | MaxTemp=64.1°C PSS=855172 PrivateOther=376988 Graphics=169412 JavaHeap=67172 NativeHeap=68872 | MemFree=218372kB MemAvailable=1004296kB SwapFree=1056196kB SwapTotal=2097148kB | Uptime=116818s BootCompleted=1
[2025-07-31 12:55:14] | MaxTemp=64.8°C PSS=848104 PrivateOther=370060 Graphics=169412 JavaHeap=67804 NativeHeap=68892 | MemFree=119276kB MemAvailable=896716kB SwapFree=1064388kB SwapTotal=2097148kB | Uptime=117419s BootCompleted=1
[2025-07-31 13:05:15] | MaxTemp=64.5°C PSS=809774 PrivateOther=375128 Graphics=169412 JavaHeap=23796 NativeHeap=68912 | MemFree=159980kB MemAvailable=941840kB SwapFree=1060532kB SwapTotal=2097148kB | Uptime=118020s BootCompleted=1
[2025-07-31 13:15:16] | MaxTemp=64.1°C PSS=845148 PrivateOther=442608 Graphics=169412 JavaHeap=65956 NativeHeap=68824 | MemFree=161700kB MemAvailable=943364kB SwapFree=1062580kB SwapTotal=2097148kB | Uptime=118621s BootCompleted=1
[2025-07-31 13:25:17] | MaxTemp=63.8°C PSS=846007 PrivateOther=373572 Graphics=169412 JavaHeap=51944 NativeHeap=78020 | MemFree=162724kB MemAvailable=939560kB SwapFree=1085596kB SwapTotal=2097148kB | Uptime=119222s BootCompleted=1
[2025-07-31 13:35:18] | MaxTemp=62.8°C PSS=818014 PrivateOther=453044 Graphics=169412 JavaHeap=27672 NativeHeap=68664 | MemFree=263960kB MemAvailable=1039428kB SwapFree=1081452kB SwapTotal=2097148kB | Uptime=119823s BootCompleted=1
[2025-07-31 13:45:18] | MaxTemp=62.2°C PSS=810240 PrivateOther=447888 Graphics=169416 JavaHeap=25440 NativeHeap=68644 | MemFree=186192kB MemAvailable=961428kB SwapFree=1081416kB SwapTotal=2097148kB | Uptime=120424s BootCompleted=1
[2025-07-31 13:55:19] | MaxTemp=62.2°C PSS=855248 PrivateOther=451392 Graphics=169416 JavaHeap=67032 NativeHeap=68620 | MemFree=193128kB MemAvailable=962280kB SwapFree=1081404kB SwapTotal=2097148kB | Uptime=121024s BootCompleted=1
[2025-07-31 14:05:20] | MaxTemp=62.2°C PSS=849347 PrivateOther=370752 Graphics=169416 JavaHeap=65072 NativeHeap=65736 | MemFree=245424kB MemAvailable=982484kB SwapFree=1081032kB SwapTotal=2097148kB | Uptime=121625s BootCompleted=1
[2025-07-31 14:15:21] | MaxTemp=62.2°C PSS=809116 PrivateOther=448248 Graphics=169416 JavaHeap=21860 NativeHeap=65724 | MemFree=278592kB MemAvailable=1013980kB SwapFree=1082824kB SwapTotal=2097148kB | Uptime=122226s BootCompleted=1
[2025-07-31 14:25:21] | MaxTemp=62.2°C PSS=854538 PrivateOther=376364 Graphics=169416 JavaHeap=58156 NativeHeap=72716 | MemFree=132196kB MemAvailable=905380kB SwapFree=1072604kB SwapTotal=2097148kB | Uptime=122827s BootCompleted=1
[2025-07-31 14:35:22] | MaxTemp=62.5°C PSS=850010 PrivateOther=370768 Graphics=169416 JavaHeap=65728 NativeHeap=65796 | MemFree=176920kB MemAvailable=954548kB SwapFree=1066408kB SwapTotal=2097148kB | Uptime=123427s BootCompleted=1
[2025-07-31 14:45:23] | MaxTemp=65.8°C PSS=810470 PrivateOther=376272 Graphics=169416 JavaHeap=20844 NativeHeap=65568 | MemFree=274792kB MemAvailable=1052284kB SwapFree=1066008kB SwapTotal=2097148kB | Uptime=124028s BootCompleted=1
[2025-07-31 14:55:23] | MaxTemp=67.4°C PSS=853629 PrivateOther=448520 Graphics=169416 JavaHeap=65536 NativeHeap=65952 | MemFree=178292kB MemAvailable=960408kB SwapFree=1065688kB SwapTotal=2097148kB | Uptime=124629s BootCompleted=1
[2025-07-31 15:05:24] | MaxTemp=62.2°C PSS=857624 PrivateOther=376744 Graphics=169416 JavaHeap=65832 NativeHeap=66040 | MemFree=231428kB MemAvailable=1014776kB SwapFree=1065260kB SwapTotal=2097148kB | Uptime=125229s BootCompleted=1
[2025-07-31 15:15:25] | MaxTemp=62.8°C PSS=807189 PrivateOther=370292 Graphics=169416 JavaHeap=21672 NativeHeap=65988 | MemFree=245740kB MemAvailable=1029080kB SwapFree=1064900kB SwapTotal=2097148kB | Uptime=125830s BootCompleted=1
[2025-07-31 15:25:26] | MaxTemp=64.1°C PSS=855162 PrivateOther=447544 Graphics=169416 JavaHeap=54008 NativeHeap=77756 | MemFree=129080kB MemAvailable=914500kB SwapFree=1067320kB SwapTotal=2097148kB | Uptime=126431s BootCompleted=1
[2025-07-31 15:35:26] | MaxTemp=61.9°C PSS=848594 PrivateOther=368224 Graphics=169416 JavaHeap=64732 NativeHeap=65796 | MemFree=161116kB MemAvailable=932180kB SwapFree=1072556kB SwapTotal=2097148kB | Uptime=127031s BootCompleted=1
[2025-07-31 15:45:27] | MaxTemp=68.3°C PSS=811305 PrivateOther=373868 Graphics=169416 JavaHeap=21924 NativeHeap=65628 | MemFree=98872kB MemAvailable=865900kB SwapFree=1064048kB SwapTotal=2097148kB | Uptime=127632s BootCompleted=1
[2025-07-31 15:55:28] | MaxTemp=67.4°C PSS=852389 PrivateOther=444364 Graphics=169416 JavaHeap=65820 NativeHeap=62572 | MemFree=152028kB MemAvailable=896504kB SwapFree=1065848kB SwapTotal=2097148kB | Uptime=128233s BootCompleted=1
[2025-07-31 16:05:29] | MaxTemp=63.5°C PSS=852009 PrivateOther=369988 Graphics=169416 JavaHeap=64208 NativeHeap=62556 | MemFree=138188kB MemAvailable=859152kB SwapFree=1069256kB SwapTotal=2097148kB | Uptime=128834s BootCompleted=1
[2025-07-31 16:15:30] | MaxTemp=68.3°C PSS=816592 PrivateOther=436124 Graphics=169416 JavaHeap=27384 NativeHeap=62596 | MemFree=343728kB MemAvailable=1063928kB SwapFree=1071368kB SwapTotal=2097148kB | Uptime=129435s BootCompleted=1
[2025-07-31 16:25:30] | MaxTemp=66.4°C PSS=847502 PrivateOther=436332 Graphics=169416 JavaHeap=51504 NativeHeap=69260 | MemFree=263020kB MemAvailable=994244kB SwapFree=1075464kB SwapTotal=2097148kB | Uptime=130035s BootCompleted=1
[2025-07-31 16:35:31] | MaxTemp=62.5°C PSS=859622 PrivateOther=374256 Graphics=169416 JavaHeap=67200 NativeHeap=62740 | MemFree=248172kB MemAvailable=981340kB SwapFree=1050168kB SwapTotal=2097148kB | Uptime=130636s BootCompleted=1
[2025-07-31 16:45:32] | MaxTemp=67.0°C PSS=807567 PrivateOther=368392 Graphics=169416 JavaHeap=20584 NativeHeap=62884 | MemFree=248420kB MemAvailable=982368kB SwapFree=1052216kB SwapTotal=2097148kB | Uptime=131237s BootCompleted=1
[2025-07-31 16:55:33] | MaxTemp=68.0°C PSS=857025 PrivateOther=374108 Graphics=169416 JavaHeap=64536 NativeHeap=62964 | MemFree=210688kB MemAvailable=947324kB SwapFree=1056824kB SwapTotal=2097148kB | Uptime=131838s BootCompleted=1
[2025-07-31 17:05:33] | MaxTemp=66.7°C PSS=848935 PrivateOther=431724 Graphics=169416 JavaHeap=63996 NativeHeap=62588 | MemFree=232080kB MemAvailable=972428kB SwapFree=1050020kB SwapTotal=2097148kB | Uptime=132438s BootCompleted=1
[2025-07-31 17:15:34] | MaxTemp=66.4°C PSS=816828 PrivateOther=372092 Graphics=169416 JavaHeap=26508 NativeHeap=62616 | MemFree=186244kB MemAvailable=954124kB SwapFree=1059756kB SwapTotal=2097148kB | Uptime=133039s BootCompleted=1
[2025-07-31 17:25:35] | MaxTemp=67.0°C PSS=838506 PrivateOther=364540 Graphics=169416 JavaHeap=48184 NativeHeap=69076 | MemFree=132752kB MemAvailable=893824kB SwapFree=1065448kB SwapTotal=2097148kB | Uptime=133640s BootCompleted=1
[2025-07-31 17:35:35] | MaxTemp=69.0°C PSS=853048 PrivateOther=368116 Graphics=169416 JavaHeap=65804 NativeHeap=62540 | MemFree=175892kB MemAvailable=990260kB SwapFree=1065084kB SwapTotal=2097148kB | Uptime=134240s BootCompleted=1
[2025-07-31 17:45:36] | MaxTemp=68.0°C PSS=806319 PrivateOther=367480 Graphics=169416 JavaHeap=20328 NativeHeap=62208 | MemFree=229592kB MemAvailable=1043752kB SwapFree=1067132kB SwapTotal=2097148kB | Uptime=134841s BootCompleted=1
